{"C:\\Users\\DELL\\Desktop\\ALX_Software_Engineering\\Front_end\\Week_15\\alx-fe-reactjs\\react-todo\\src\\components\\TodoList.jsx": {"path":"C:\\Users\\DELL\\Desktop\\ALX_Software_Engineering\\Front_end\\Week_15\\alx-fe-reactjs\\react-todo\\src\\components\\TodoList.jsx","statementMap":{"0":{"start":{"line":3,"column":17},"end":{"line":91,"column":1}},"1":{"start":{"line":5,"column":25},"end":{"line":9,"column":5}},"2":{"start":{"line":11,"column":30},"end":{"line":11,"column":52}},"3":{"start":{"line":12,"column":34},"end":{"line":12,"column":46}},"4":{"start":{"line":15,"column":26},"end":{"line":28,"column":5}},"5":{"start":{"line":16,"column":8},"end":{"line":16,"column":27}},"6":{"start":{"line":17,"column":28},"end":{"line":17,"column":42}},"7":{"start":{"line":19,"column":8},"end":{"line":27,"column":9}},"8":{"start":{"line":20,"column":21},"end":{"line":24,"column":9}},"9":{"start":{"line":25,"column":8},"end":{"line":25,"column":35}},"10":{"start":{"line":26,"column":8},"end":{"line":26,"column":23}},"11":{"start":{"line":31,"column":29},"end":{"line":35,"column":5}},"12":{"start":{"line":32,"column":8},"end":{"line":34,"column":11}},"13":{"start":{"line":33,"column":8},"end":{"line":33,"column":71}},"14":{"start":{"line":38,"column":29},"end":{"line":40,"column":5}},"15":{"start":{"line":39,"column":8},"end":{"line":39,"column":55}},"16":{"start":{"line":39,"column":38},"end":{"line":39,"column":52}},"17":{"start":{"line":42,"column":4},"end":{"line":90,"column":6}},"18":{"start":{"line":51,"column":29},"end":{"line":51,"column":55}},"19":{"start":{"line":66,"column":12},"end":{"line":86,"column":17}},"20":{"start":{"line":71,"column":31},"end":{"line":71,"column":56}},"21":{"start":{"line":81,"column":31},"end":{"line":81,"column":56}}},"fnMap":{"0":{"name":"(anonymous_0)","decl":{"start":{"line":3,"column":17},"end":{"line":3,"column":18}},"loc":{"start":{"line":3,"column":23},"end":{"line":91,"column":1}},"line":3},"1":{"name":"(anonymous_1)","decl":{"start":{"line":15,"column":26},"end":{"line":15,"column":27}},"loc":{"start":{"line":15,"column":33},"end":{"line":28,"column":5}},"line":15},"2":{"name":"(anonymous_2)","decl":{"start":{"line":31,"column":29},"end":{"line":31,"column":30}},"loc":{"start":{"line":31,"column":37},"end":{"line":35,"column":5}},"line":31},"3":{"name":"(anonymous_3)","decl":{"start":{"line":32,"column":27},"end":{"line":32,"column":28}},"loc":{"start":{"line":33,"column":8},"end":{"line":33,"column":71}},"line":33},"4":{"name":"(anonymous_4)","decl":{"start":{"line":38,"column":29},"end":{"line":38,"column":30}},"loc":{"start":{"line":38,"column":37},"end":{"line":40,"column":5}},"line":38},"5":{"name":"(anonymous_5)","decl":{"start":{"line":39,"column":30},"end":{"line":39,"column":31}},"loc":{"start":{"line":39,"column":38},"end":{"line":39,"column":52}},"line":39},"6":{"name":"(anonymous_6)","decl":{"start":{"line":51,"column":22},"end":{"line":51,"column":23}},"loc":{"start":{"line":51,"column":29},"end":{"line":51,"column":55}},"line":51},"7":{"name":"(anonymous_7)","decl":{"start":{"line":65,"column":23},"end":{"line":65,"column":24}},"loc":{"start":{"line":66,"column":12},"end":{"line":86,"column":17}},"line":66},"8":{"name":"(anonymous_8)","decl":{"start":{"line":71,"column":25},"end":{"line":71,"column":26}},"loc":{"start":{"line":71,"column":31},"end":{"line":71,"column":56}},"line":71},"9":{"name":"(anonymous_9)","decl":{"start":{"line":81,"column":25},"end":{"line":81,"column":26}},"loc":{"start":{"line":81,"column":31},"end":{"line":81,"column":56}},"line":81}},"branchMap":{"0":{"loc":{"start":{"line":19,"column":8},"end":{"line":27,"column":9}},"type":"if","locations":[{"start":{"line":19,"column":8},"end":{"line":27,"column":9}},{"start":{},"end":{}}],"line":19},"1":{"loc":{"start":{"line":33,"column":8},"end":{"line":33,"column":71}},"type":"cond-expr","locations":[{"start":{"line":33,"column":25},"end":{"line":33,"column":64}},{"start":{"line":33,"column":67},"end":{"line":33,"column":71}}],"line":33},"2":{"loc":{"start":{"line":73,"column":36},"end":{"line":73,"column":76}},"type":"cond-expr","locations":[{"start":{"line":73,"column":53},"end":{"line":73,"column":67}},{"start":{"line":73,"column":70},"end":{"line":73,"column":76}}],"line":73}},"s":{"0":1,"1":19,"2":19,"3":19,"4":19,"5":4,"6":4,"7":4,"8":2,"9":2,"10":2,"11":19,"12":2,"13":6,"14":19,"15":1,"16":3,"17":19,"18":4,"19":58,"20":2,"21":1},"f":{"0":19,"1":4,"2":2,"3":6,"4":1,"5":3,"6":4,"7":58,"8":2,"9":1},"b":{"0":[2,2],"1":[2,4],"2":[1,57]},"_coverageSchema":"1a1c01bbd47fc00a2c39e90264f33305004495a9","hash":"bd54adb7f06b05dc7d0ed88dfd9b62ce93d66625"}
}
