TN:
SF:src\components\TodoList.jsx
FN:3,(anonymous_0)
FN:15,(anonymous_1)
FN:31,(anonymous_2)
FN:32,(anonymous_3)
FN:38,(anonymous_4)
FN:39,(anonymous_5)
FN:51,(anonymous_6)
FN:65,(anonymous_7)
FN:71,(anonymous_8)
FN:81,(anonymous_9)
FNF:10
FNH:10
FNDA:19,(anonymous_0)
FNDA:4,(anonymous_1)
FNDA:2,(anonymous_2)
FNDA:6,(anonymous_3)
FNDA:1,(anonymous_4)
FNDA:3,(anonymous_5)
FNDA:4,(anonymous_6)
FNDA:58,(anonymous_7)
FNDA:2,(anonymous_8)
FNDA:1,(anonymous_9)
DA:3,1
DA:5,19
DA:11,19
DA:12,19
DA:15,19
DA:16,4
DA:17,4
DA:19,4
DA:20,2
DA:25,2
DA:26,2
DA:31,19
DA:32,2
DA:33,6
DA:38,19
DA:39,3
DA:42,19
DA:51,4
DA:66,58
DA:71,2
DA:81,1
LF:21
LH:21
BRDA:19,0,0,2
BRDA:19,0,1,2
BRDA:33,1,0,2
BRDA:33,1,1,4
BRDA:73,2,0,1
BRDA:73,2,1,57
BRF:6
BRH:6
end_of_record
